<?xml version="1.0" encoding="UTF-8"?>
<testng-results skipped="0" failed="0" ignored="0" total="2" passed="2">
  <reporter-output>
  </reporter-output>
  <suite name="Default suite" duration-ms="10301" started-at="2017-10-26T16:01:38Z" finished-at="2017-10-26T16:01:48Z">
    <groups>
    </groups>
    <test name="Default test" duration-ms="10301" started-at="2017-10-26T16:01:38Z" finished-at="2017-10-26T16:01:48Z">
      <class name="main.java.cn.dbyl.tests.ODataTest">
        <test-method status="PASS" signature="getTest1()[pri:0, instance:main.java.cn.dbyl.tests.ODataTest@20e2cbe0]" name="getTest1" duration-ms="4967" started-at="2017-10-27T00:01:38Z" finished-at="2017-10-27T00:01:43Z">
          <reporter-output>
          </reporter-output>
        </test-method> <!-- getTest1 -->
        <test-method status="PASS" signature="getTest2()[pri:0, instance:main.java.cn.dbyl.tests.ODataTest@20e2cbe0]" name="getTest2" duration-ms="5295" started-at="2017-10-27T00:01:43Z" finished-at="2017-10-27T00:01:48Z">
          <reporter-output>
          </reporter-output>
        </test-method> <!-- getTest2 -->
      </class> <!-- main.java.cn.dbyl.tests.ODataTest -->
    </test> <!-- Default test -->
  </suite> <!-- Default suite -->
</testng-results>
